1.9.2022, 21:22:23 - INFO - Server is running on port: 3030 
1.9.2022, 21:22:28 - INFO - Server is running on port: 3030 
1.9.2022, 21:22:28 - INFO - Server is running on port: 3030 
1.9.2022, 21:22:34 - INFO - Server is running on port: 3030 
1.9.2022, 21:22:35 - INFO - Server is running on port: 3030 
1.9.2022, 21:23:09 - INFO - Server is running on port: 3030 
1.9.2022, 21:23:09 - INFO - Server is running on port: 3030 
1.9.2022, 21:23:13 - INFO - Server is running on port: 3030 
1.9.2022, 21:23:13 - INFO - Server is running on port: 3030 
1.9.2022, 21:23:13 - INFO - Server is running on port: 3030 
1.9.2022, 21:23:13 - INFO - Server is running on port: 3030 
1.9.2022, 21:23:36 - INFO - Server is running on port: 3030 
1.9.2022, 21:23:36 - INFO - Server is running on port: 3030 
1.9.2022, 21:29:10 - INFO - Server is running on port: 3030 
1.9.2022, 21:29:46 - INFO - Server is running on port: 3030 
1.9.2022, 21:30:18 - INFO - Server is running on port: 3030 
1.9.2022, 21:30:19 - INFO - Server is running on port: 3030 
1.9.2022, 21:32:23 - INFO - Server is running on port: 3030 
1.9.2022, 21:32:24 - INFO - Server is running on port: 3030 
1.9.2022, 21:33:33 - INFO - Server is running on port: 3030 
1.9.2022, 21:33:39 - INFO - Server is running on port: 3030 
1.9.2022, 21:34:36 - INFO - Server is running on port: 3030 
1.9.2022, 21:34:37 - INFO - Server is running on port: 3030 
1.9.2022, 21:34:38 - INFO - Server is running on port: 3030 
1.9.2022, 21:34:38 - INFO - Server is running on port: 3030 
1.9.2022, 21:34:58 - INFO - Server is running on port: 3030 
1.9.2022, 21:40:41 - INFO - Server is running on port: 3030 
1.9.2022, 21:40:48 - INFO - Server is running on port: 3030 
1.9.2022, 21:40:51 - INFO - Server is running on port: 3030 
1.9.2022, 21:40:56 - INFO - Server is running on port: 3030 
1.9.2022, 21:41:07 - INFO - Server is running on port: 3030 
1.9.2022, 21:41:07 - INFO - Server is running on port: 3030 
1.9.2022, 21:41:21 - INFO - Server is running on port: 3030 
1.9.2022, 21:41:22 - INFO - Server is running on port: 3030 
1.9.2022, 21:41:22 - INFO - Server is running on port: 3030 
1.9.2022, 21:42:24 - INFO - Server is running on port: 3030 
1.9.2022, 21:43:10 - INFO - Server is running on port: 3030 
1.9.2022, 21:43:11 - INFO - Server is running on port: 3030 
1.9.2022, 21:43:11 - INFO - Server is running on port: 3030 
1.9.2022, 21:43:11 - INFO - Server is running on port: 3030 
1.9.2022, 21:43:12 - INFO - Server is running on port: 3030 
1.9.2022, 21:43:14 - INFO - Server is running on port: 3030 
1.9.2022, 21:43:15 - INFO - Server is running on port: 3030 
1.9.2022, 21:43:25 - INFO - Server is running on port: 3030 
1.9.2022, 21:43:26 - INFO - Server is running on port: 3030 
1.9.2022, 21:44:52 - INFO - Server is running on port: 3030 
1.9.2022, 21:45:10 - INFO - Server is running on port: 3030 
1.9.2022, 22:01:18 - INFO - Server is running on port: 3030 
1.9.2022, 22:03:51 - INFO - Server is running on port: 3030 
1.9.2022, 22:27:24 - INFO - Server is running on port: 3030 
1.9.2022, 22:27:39 - INFO - Server is running on port: 3030 
1.9.2022, 22:28:02 - INFO - Server is running on port: 3030 
1.9.2022, 22:28:02 - INFO - Server is running on port: 3030 
1.9.2022, 22:30:00 - INFO - Server is running on port: 3030 
1.9.2022, 22:30:00 - INFO - Server is running on port: 3030 
1.9.2022, 22:30:16 - INFO - Server is running on port: 3030 
1.9.2022, 22:31:07 - INFO - Server is running on port: 3030 
1.9.2022, 22:31:13 - INFO - Server is running on port: 3030 
1.9.2022, 22:31:25 - INFO - Server is running on port: 3030 
1.9.2022, 22:31:27 - INFO - Server is running on port: 3030 
1.9.2022, 22:31:27 - INFO - Server is running on port: 3030 
1.9.2022, 22:31:37 - INFO - Server is running on port: 3030 
1.9.2022, 22:31:38 - INFO - Server is running on port: 3030 
1.9.2022, 22:31:38 - INFO - Server is running on port: 3030 
1.9.2022, 22:31:53 - INFO - Server is running on port: 3030 
1.9.2022, 22:32:45 - INFO - Server is running on port: 3030 
1.9.2022, 22:32:45 - INFO - Server is running on port: 3030 
1.9.2022, 22:32:45 - INFO - Server is running on port: 3030 
1.9.2022, 22:32:46 - INFO - Server is running on port: 3030 
1.9.2022, 22:32:50 - INFO - Server is running on port: 3030 
1.9.2022, 22:32:50 - INFO - Server is running on port: 3030 
1.9.2022, 22:32:50 - INFO - Server is running on port: 3030 
1.9.2022, 22:32:50 - INFO - Server is running on port: 3030 
1.9.2022, 22:32:57 - INFO - Server is running on port: 3030 
1.9.2022, 22:32:59 - INFO - Server is running on port: 3030 
1.9.2022, 22:32:59 - INFO - Server is running on port: 3030 
1.9.2022, 22:33:13 - INFO - Server is running on port: 3030 
1.9.2022, 22:33:29 - INFO - Server is running on port: 3030 
1.9.2022, 22:33:34 - INFO - Server is running on port: 3030 
1.9.2022, 22:33:34 - INFO - Server is running on port: 3030 
1.9.2022, 22:33:45 - INFO - Server is running on port: 3030 
1.9.2022, 22:33:45 - INFO - Server is running on port: 3030 
1.9.2022, 22:33:47 - INFO - Server is running on port: 3030 
1.9.2022, 22:33:48 - INFO - Server is running on port: 3030 
1.9.2022, 22:33:50 - INFO - Server is running on port: 3030 
1.9.2022, 22:33:51 - INFO - Server is running on port: 3030 
1.9.2022, 22:34:10 - INFO - Server is running on port: 3030 
1.9.2022, 22:34:10 - INFO - Server is running on port: 3030 
1.9.2022, 22:35:24 - INFO - Server is running on port: 3030 
1.9.2022, 22:35:25 - INFO - Server is running on port: 3030 
1.9.2022, 22:35:25 - INFO - Server is running on port: 3030 
1.9.2022, 22:35:42 - INFO - Server is running on port: 3030 
1.9.2022, 22:35:42 - INFO - Server is running on port: 3030 
1.9.2022, 22:35:57 - INFO - Server is running on port: 3030 
1.9.2022, 22:36:42 - INFO - Server is running on port: 3030 
1.9.2022, 22:36:43 - INFO - Server is running on port: 3030 
1.9.2022, 22:37:28 - INFO - Server is running on port: 3030 
1.9.2022, 22:38:41 - INFO - Server is running on port: 3030 
1.9.2022, 22:38:42 - INFO - Server is running on port: 3030 
1.9.2022, 22:38:42 - INFO - Server is running on port: 3030 
1.9.2022, 22:39:22 - INFO - Server is running on port: 3030 
1.9.2022, 22:39:22 - INFO - Server is running on port: 3030 
1.9.2022, 22:39:52 - INFO - Server is running on port: 3030 
1.9.2022, 22:39:56 - INFO - Server is running on port: 3030 
1.9.2022, 22:39:57 - INFO - Server is running on port: 3030 
1.9.2022, 22:39:57 - INFO - Server is running on port: 3030 
1.9.2022, 22:40:33 - INFO - Server is running on port: 3030 
1.9.2022, 22:41:14 - INFO - Server is running on port: 3030 
1.9.2022, 22:41:14 - INFO - Server is running on port: 3030 
1.9.2022, 22:43:01 - INFO - Server is running on port: 3030 
1.9.2022, 22:43:22 - INFO - Server is running on port: 3030 
1.9.2022, 22:43:22 - INFO - Server is running on port: 3030 
1.9.2022, 22:43:23 - INFO - Server is running on port: 3030 
1.9.2022, 22:43:23 - INFO - Server is running on port: 3030 
1.9.2022, 22:43:23 - INFO - Server is running on port: 3030 
1.9.2022, 22:43:24 - INFO - Server is running on port: 3030 
1.9.2022, 22:44:07 - INFO - Server is running on port: 3030 
1.9.2022, 22:44:36 - INFO - Server is running on port: 3030 
1.9.2022, 22:44:36 - INFO - Server is running on port: 3030 
1.9.2022, 22:44:37 - INFO - Server is running on port: 3030 
1.9.2022, 22:44:37 - INFO - Server is running on port: 3030 
1.9.2022, 22:44:37 - INFO - Server is running on port: 3030 
1.9.2022, 22:44:37 - INFO - Server is running on port: 3030 
1.9.2022, 22:44:38 - INFO - Server is running on port: 3030 
1.9.2022, 22:44:40 - INFO - Server is running on port: 3030 
1.9.2022, 22:44:40 - INFO - Server is running on port: 3030 
1.9.2022, 22:44:41 - INFO - Server is running on port: 3030 
1.9.2022, 22:44:41 - INFO - Server is running on port: 3030 
1.9.2022, 22:44:41 - INFO - Server is running on port: 3030 
1.9.2022, 22:44:42 - INFO - Server is running on port: 3030 
1.9.2022, 22:44:42 - INFO - Server is running on port: 3030 
1.9.2022, 22:44:42 - INFO - Server is running on port: 3030 
1.9.2022, 22:44:43 - INFO - Server is running on port: 3030 
1.9.2022, 22:44:43 - INFO - Server is running on port: 3030 
1.9.2022, 22:44:43 - INFO - Server is running on port: 3030 
1.9.2022, 22:44:43 - INFO - Server is running on port: 3030 
1.9.2022, 22:44:44 - INFO - Server is running on port: 3030 
1.9.2022, 22:44:44 - INFO - Server is running on port: 3030 
1.9.2022, 22:44:45 - INFO - Server is running on port: 3030 
1.9.2022, 22:44:45 - INFO - Server is running on port: 3030 
1.9.2022, 22:44:46 - INFO - Server is running on port: 3030 
1.9.2022, 22:44:46 - INFO - Server is running on port: 3030 
1.9.2022, 22:46:06 - INFO - Server is running on port: 3030 
1.9.2022, 22:46:55 - INFO - Server is running on port: 3030 
1.9.2022, 22:48:49 - INFO - Server is running on port: 3030 
1.9.2022, 22:49:42 - INFO - Server is running on port: 3030 
1.9.2022, 22:50:54 - INFO - Server is running on port: 3030 
1.9.2022, 22:50:54 - INFO - Server is running on port: 3030 
1.9.2022, 23:06:23 - INFO - Server is running on port: 3030 
1.9.2022, 23:08:08 - INFO - Server is running on port: 3030 
1.9.2022, 23:08:28 - INFO - Server is running on port: 3030 
1.9.2022, 23:08:28 - INFO - Server is running on port: 3030 
1.9.2022, 23:08:50 - INFO - Server is running on port: 3030 
1.9.2022, 23:08:50 - INFO - Server is running on port: 3030 
1.9.2022, 23:08:50 - INFO - Server is running on port: 3030 
1.9.2022, 23:08:51 - INFO - Server is running on port: 3030 
1.9.2022, 23:08:52 - INFO - Server is running on port: 3030 
1.9.2022, 23:09:23 - INFO - Server is running on port: 3030 
1.9.2022, 23:10:45 - INFO - Server is running on port: 3030 
1.9.2022, 23:11:30 - INFO - Server is running on port: 3030 
1.9.2022, 23:12:52 - INFO - Server is running on port: 3030 
1.9.2022, 23:12:52 - INFO - Server is running on port: 3030 
1.9.2022, 23:14:07 - INFO - Server is running on port: 3030 
1.9.2022, 23:14:16 - INFO - Server is running on port: 3030 
1.9.2022, 23:14:16 - INFO - Server is running on port: 3030 
1.9.2022, 23:15:21 - INFO - Server is running on port: 3030 
1.9.2022, 23:15:21 - INFO - Server is running on port: 3030 
1.9.2022, 23:16:37 - INFO - Server is running on port: 3030 
1.9.2022, 23:16:50 - INFO - Server is running on port: 3030 
1.9.2022, 23:16:50 - INFO - Server is running on port: 3030 
1.9.2022, 23:16:51 - INFO - Server is running on port: 3030 
1.9.2022, 23:16:51 - INFO - Server is running on port: 3030 
1.9.2022, 23:16:51 - INFO - Server is running on port: 3030 
1.9.2022, 23:16:51 - INFO - Server is running on port: 3030 
1.9.2022, 23:16:52 - INFO - Server is running on port: 3030 
1.9.2022, 23:16:52 - INFO - Server is running on port: 3030 
1.9.2022, 23:16:52 - INFO - Server is running on port: 3030 
1.9.2022, 23:16:54 - INFO - Server is running on port: 3030 
1.9.2022, 23:16:54 - INFO - Server is running on port: 3030 
1.9.2022, 23:16:55 - INFO - Server is running on port: 3030 
1.9.2022, 23:16:55 - INFO - Server is running on port: 3030 
1.9.2022, 23:16:55 - INFO - Server is running on port: 3030 
1.9.2022, 23:16:56 - INFO - Server is running on port: 3030 
1.9.2022, 23:16:56 - INFO - Server is running on port: 3030 
1.9.2022, 23:16:56 - INFO - Server is running on port: 3030 
1.9.2022, 23:16:56 - INFO - Server is running on port: 3030 
1.9.2022, 23:16:56 - INFO - Server is running on port: 3030 
1.9.2022, 23:16:57 - INFO - Server is running on port: 3030 
1.9.2022, 23:16:57 - INFO - Server is running on port: 3030 
1.9.2022, 23:17:05 - INFO - Server is running on port: 3030 
1.9.2022, 23:17:05 - INFO - Server is running on port: 3030 
1.9.2022, 23:17:06 - INFO - Server is running on port: 3030 
1.9.2022, 23:17:06 - INFO - Server is running on port: 3030 
1.9.2022, 23:17:06 - INFO - Server is running on port: 3030 
1.9.2022, 23:17:06 - INFO - Server is running on port: 3030 
1.9.2022, 23:17:06 - INFO - Server is running on port: 3030 
1.9.2022, 23:17:06 - INFO - Server is running on port: 3030 
1.9.2022, 23:17:07 - INFO - Server is running on port: 3030 
1.9.2022, 23:18:11 - INFO - Server is running on port: 3030 
1.9.2022, 23:18:28 - INFO - Server is running on port: 3030 
1.9.2022, 23:18:29 - INFO - Server is running on port: 3030 
1.9.2022, 23:18:29 - INFO - Server is running on port: 3030 
1.9.2022, 23:18:29 - INFO - Server is running on port: 3030 
1.9.2022, 23:18:30 - INFO - Server is running on port: 3030 
1.9.2022, 23:18:30 - INFO - Server is running on port: 3030 
1.9.2022, 23:18:30 - INFO - Server is running on port: 3030 
1.9.2022, 23:18:30 - INFO - Server is running on port: 3030 
1.9.2022, 23:18:30 - INFO - Server is running on port: 3030 
1.9.2022, 23:29:09 - INFO - Server is running on port: 3030 
1.9.2022, 23:29:17 - INFO - Server is running on port: 3030 
1.9.2022, 23:29:40 - INFO - Server is running on port: 3030 
1.9.2022, 23:29:43 - INFO - Server is running on port: 3030 
1.9.2022, 23:29:44 - INFO - Server is running on port: 3030 
1.9.2022, 23:29:45 - INFO - Server is running on port: 3030 
1.9.2022, 23:29:46 - INFO - Server is running on port: 3030 
1.9.2022, 23:29:48 - INFO - Server is running on port: 3030 
1.9.2022, 23:29:58 - INFO - Server is running on port: 3030 
1.9.2022, 23:29:58 - INFO - Server is running on port: 3030 
1.9.2022, 23:30:24 - ERROR - Failed to login | ReferenceError: error is not defined 
1.9.2022, 23:31:26 - INFO - Server is running on port: 3030 
1.9.2022, 23:31:31 - INFO - Server is running on port: 3030 
1.9.2022, 23:31:32 - INFO - Server is running on port: 3030 
1.9.2022, 23:31:58 - INFO - Server is running on port: 3030 
1.9.2022, 23:32:23 - INFO - Server is running on port: 3030 
1.9.2022, 23:32:24 - INFO - Server is running on port: 3030 
1.9.2022, 23:32:59 - INFO - Server is running on port: 3030 
1.9.2022, 23:34:33 - INFO - Server is running on port: 3030 
1.9.2022, 23:34:34 - INFO - Server is running on port: 3030 
1.9.2022, 23:35:08 - INFO - Server is running on port: 3030 
1.9.2022, 23:35:10 - INFO - Server is running on port: 3030 
1.9.2022, 23:35:22 - INFO - Server is running on port: 3030 
1.9.2022, 23:35:34 - INFO - Server is running on port: 3030 
1.9.2022, 23:35:40 - INFO - Server is running on port: 3030 
1.9.2022, 23:35:41 - INFO - Server is running on port: 3030 
1.9.2022, 23:35:42 - INFO - Server is running on port: 3030 
1.9.2022, 23:35:43 - INFO - Server is running on port: 3030 
1.9.2022, 23:36:21 - INFO - Server is running on port: 3030 
1.9.2022, 23:36:22 - INFO - Server is running on port: 3030 
1.9.2022, 23:37:08 - INFO - Server is running on port: 3030 
1.9.2022, 23:37:26 - INFO - Server is running on port: 3030 
1.9.2022, 23:37:28 - INFO - Server is running on port: 3030 
1.9.2022, 23:38:23 - INFO - Server is running on port: 3030 
1.9.2022, 23:38:25 - INFO - Server is running on port: 3030 
1.9.2022, 23:41:11 - INFO - Server is running on port: 3030 
1.9.2022, 23:41:12 - INFO - Server is running on port: 3030 
1.9.2022, 23:41:14 - INFO - Server is running on port: 3030 
1.9.2022, 23:41:20 - INFO - Server is running on port: 3030 
1.9.2022, 23:41:21 - INFO - Server is running on port: 3030 
1.9.2022, 23:41:53 - INFO - Server is running on port: 3030 
1.9.2022, 23:41:53 - INFO - Server is running on port: 3030 
1.9.2022, 23:43:31 - INFO - Server is running on port: 3030 
1.9.2022, 23:43:35 - INFO - Server is running on port: 3030 
1.9.2022, 23:43:37 - INFO - Server is running on port: 3030 
1.9.2022, 23:43:39 - INFO - Server is running on port: 3030 
1.9.2022, 23:46:51 - INFO - Server is running on port: 3030 
1.9.2022, 23:47:43 - INFO - Server is running on port: 3030 
1.9.2022, 23:47:43 - INFO - Server is running on port: 3030 
1.9.2022, 23:47:45 - INFO - Server is running on port: 3030 
1.9.2022, 23:47:48 - INFO - Server is running on port: 3030 
1.9.2022, 23:48:34 - INFO - Server is running on port: 3030 
1.9.2022, 23:48:35 - INFO - Server is running on port: 3030 
1.9.2022, 23:48:57 - INFO - Server is running on port: 3030 
1.9.2022, 23:48:59 - INFO - Server is running on port: 3030 
1.9.2022, 23:49:05 - INFO - Server is running on port: 3030 
1.9.2022, 23:49:14 - INFO - Server is running on port: 3030 
1.9.2022, 23:49:15 - INFO - Server is running on port: 3030 
1.9.2022, 23:50:10 - INFO - Server is running on port: 3030 
1.9.2022, 23:56:03 - INFO - Server is running on port: 3030 
1.9.2022, 23:56:04 - INFO - Server is running on port: 3030 
1.9.2022, 23:56:27 - INFO - Server is running on port: 3030 
1.9.2022, 23:56:28 - INFO - Server is running on port: 3030 
1.9.2022, 23:56:59 - INFO - Server is running on port: 3030 
1.9.2022, 23:57:09 - INFO - Server is running on port: 3030 
1.9.2022, 23:58:15 - INFO - Server is running on port: 3030 
1.9.2022, 23:58:15 - INFO - Server is running on port: 3030 
1.9.2022, 23:58:35 - INFO - Server is running on port: 3030 
1.9.2022, 23:58:36 - INFO - Server is running on port: 3030 
1.9.2022, 23:58:55 - INFO - Server is running on port: 3030 
1.9.2022, 23:58:55 - INFO - Server is running on port: 3030 
1.9.2022, 23:58:56 - INFO - Server is running on port: 3030 
1.9.2022, 23:59:32 - INFO - Server is running on port: 3030 
1.9.2022, 23:59:41 - INFO - Server is running on port: 3030 
1.9.2022, 23:59:43 - INFO - Server is running on port: 3030 
1.9.2022, 23:59:57 - INFO - Server is running on port: 3030 
2.9.2022, 0:00:09 - INFO - Server is running on port: 3030 
2.9.2022, 0:00:10 - INFO - Server is running on port: 3030 
2.9.2022, 0:00:11 - INFO - Server is running on port: 3030 
2.9.2022, 0:00:17 - INFO - Server is running on port: 3030 
2.9.2022, 0:00:18 - INFO - Server is running on port: 3030 
2.9.2022, 0:01:20 - INFO - Server is running on port: 3030 
2.9.2022, 0:01:21 - INFO - Server is running on port: 3030 
2.9.2022, 0:03:09 - INFO - Server is running on port: 3030 
2.9.2022, 0:03:11 - INFO - Server is running on port: 3030 
2.9.2022, 0:03:11 - INFO - Server is running on port: 3030 
2.9.2022, 0:04:58 - INFO - Server is running on port: 3030 
2.9.2022, 0:04:58 - INFO - Server is running on port: 3030 
2.9.2022, 0:05:00 - INFO - Server is running on port: 3030 
2.9.2022, 0:05:02 - INFO - Server is running on port: 3030 
2.9.2022, 0:05:31 - INFO - Server is running on port: 3030 
2.9.2022, 0:05:32 - INFO - Server is running on port: 3030 
2.9.2022, 0:05:35 - INFO - Server is running on port: 3030 
2.9.2022, 0:09:14 - INFO - Server is running on port: 3030 
2.9.2022, 0:09:15 - INFO - Server is running on port: 3030 
2.9.2022, 0:09:20 - INFO - Server is running on port: 3030 
2.9.2022, 0:09:33 - INFO - Server is running on port: 3030 
2.9.2022, 0:09:33 - INFO - Server is running on port: 3030 
2.9.2022, 0:09:44 - INFO - Server is running on port: 3030 
2.9.2022, 0:10:36 - INFO - Server is running on port: 3030 
2.9.2022, 0:10:37 - INFO - Server is running on port: 3030 
2.9.2022, 0:10:41 - INFO - Server is running on port: 3030 
2.9.2022, 0:10:48 - INFO - Server is running on port: 3030 
2.9.2022, 0:10:48 - INFO - Server is running on port: 3030 
2.9.2022, 0:10:56 - INFO - Server is running on port: 3030 
2.9.2022, 0:11:47 - INFO - Server is running on port: 3030 
2.9.2022, 0:11:48 - INFO - Server is running on port: 3030 
2.9.2022, 0:13:35 - INFO - Server is running on port: 3030 
2.9.2022, 0:13:52 - INFO - Server is running on port: 3030 
2.9.2022, 0:13:53 - INFO - Server is running on port: 3030 
2.9.2022, 0:14:02 - INFO - Server is running on port: 3030 
2.9.2022, 0:14:03 - INFO - Server is running on port: 3030 
2.9.2022, 0:15:05 - INFO - Server is running on port: 3030 
2.9.2022, 0:15:05 - INFO - Server is running on port: 3030 
2.9.2022, 0:15:56 - INFO - Server is running on port: 3030 
2.9.2022, 0:15:57 - INFO - Server is running on port: 3030 
2.9.2022, 0:15:58 - INFO - Server is running on port: 3030 
2.9.2022, 0:16:03 - INFO - Server is running on port: 3030 
2.9.2022, 0:23:52 - INFO - Server is running on port: 3030 
2.9.2022, 0:24:05 - INFO - Server is running on port: 3030 
2.9.2022, 0:24:07 - INFO - Server is running on port: 3030 
2.9.2022, 0:34:13 - INFO - Server is running on port: 3030 
2.9.2022, 0:34:13 - INFO - Server is running on port: 3030 
2.9.2022, 0:35:27 - INFO - Server is running on port: 3030 
2.9.2022, 0:35:29 - INFO - Server is running on port: 3030 
2.9.2022, 0:35:30 - INFO - Server is running on port: 3030 
2.9.2022, 0:35:40 - INFO - Server is running on port: 3030 
2.9.2022, 0:36:52 - INFO - Server is running on port: 3030 
2.9.2022, 0:36:53 - INFO - Server is running on port: 3030 
2.9.2022, 0:37:10 - INFO - Server is running on port: 3030 
2.9.2022, 0:37:18 - INFO - Server is running on port: 3030 
2.9.2022, 0:37:18 - INFO - Server is running on port: 3030 
2.9.2022, 0:37:49 - INFO - Server is running on port: 3030 
2.9.2022, 0:37:50 - INFO - Server is running on port: 3030 
2.9.2022, 0:37:55 - INFO - Server is running on port: 3030 
2.9.2022, 0:38:24 - INFO - Server is running on port: 3030 
2.9.2022, 0:38:35 - INFO - Server is running on port: 3030 
2.9.2022, 0:38:36 - INFO - Server is running on port: 3030 
2.9.2022, 0:38:51 - INFO - Server is running on port: 3030 
2.9.2022, 0:38:52 - INFO - Server is running on port: 3030 
2.9.2022, 0:39:15 - INFO - Server is running on port: 3030 
2.9.2022, 0:39:16 - INFO - Server is running on port: 3030 
2.9.2022, 0:39:16 - INFO - Server is running on port: 3030 
2.9.2022, 0:40:29 - INFO - Server is running on port: 3030 
2.9.2022, 0:40:29 - INFO - Server is running on port: 3030 
2.9.2022, 0:40:46 - INFO - Server is running on port: 3030 
2.9.2022, 0:40:46 - INFO - Server is running on port: 3030 
2.9.2022, 0:43:12 - INFO - Server is running on port: 3030 
2.9.2022, 0:43:13 - INFO - Server is running on port: 3030 
2.9.2022, 0:44:31 - INFO - Server is running on port: 3030 
2.9.2022, 0:44:33 - INFO - Server is running on port: 3030 
2.9.2022, 0:45:05 - INFO - Server is running on port: 3030 
2.9.2022, 0:45:06 - INFO - Server is running on port: 3030 
2.9.2022, 0:45:35 - INFO - Server is running on port: 3030 
2.9.2022, 0:45:38 - INFO - Server is running on port: 3030 
2.9.2022, 0:45:50 - INFO - Server is running on port: 3030 
2.9.2022, 0:45:51 - INFO - Server is running on port: 3030 
2.9.2022, 0:45:53 - INFO - Server is running on port: 3030 
2.9.2022, 0:48:20 - INFO - Server is running on port: 3030 
2.9.2022, 0:48:21 - INFO - Server is running on port: 3030 
2.9.2022, 0:48:22 - INFO - Server is running on port: 3030 
2.9.2022, 0:48:39 - INFO - Server is running on port: 3030 
2.9.2022, 0:48:41 - INFO - Server is running on port: 3030 
2.9.2022, 0:48:42 - INFO - Server is running on port: 3030 
2.9.2022, 0:48:43 - INFO - Server is running on port: 3030 
2.9.2022, 0:48:45 - INFO - Server is running on port: 3030 
2.9.2022, 0:48:46 - INFO - Server is running on port: 3030 
2.9.2022, 0:48:51 - INFO - Server is running on port: 3030 
2.9.2022, 0:48:51 - INFO - Server is running on port: 3030 
2.9.2022, 0:49:00 - INFO - Server is running on port: 3030 
2.9.2022, 0:49:00 - INFO - Server is running on port: 3030 
2.9.2022, 0:49:39 - INFO - Server is running on port: 3030 
2.9.2022, 0:50:26 - INFO - Server is running on port: 3030 
2.9.2022, 0:50:27 - INFO - Server is running on port: 3030 
2.9.2022, 0:50:37 - INFO - Server is running on port: 3030 
2.9.2022, 0:51:18 - INFO - Server is running on port: 3030 
2.9.2022, 0:51:18 - INFO - Server is running on port: 3030 
2.9.2022, 0:52:22 - INFO - Server is running on port: 3030 
2.9.2022, 0:52:23 - INFO - Server is running on port: 3030 
2.9.2022, 0:52:41 - INFO - Server is running on port: 3030 
2.9.2022, 0:53:02 - INFO - Server is running on port: 3030 
2.9.2022, 0:53:03 - INFO - Server is running on port: 3030 
2.9.2022, 0:53:06 - INFO - Server is running on port: 3030 
2.9.2022, 0:53:07 - INFO - Server is running on port: 3030 
2.9.2022, 0:53:27 - INFO - Server is running on port: 3030 
2.9.2022, 0:53:27 - INFO - Server is running on port: 3030 
2.9.2022, 0:53:59 - INFO - Server is running on port: 3030 
2.9.2022, 0:53:59 - INFO - Server is running on port: 3030 
2.9.2022, 0:54:19 - INFO - Server is running on port: 3030 
2.9.2022, 0:54:20 - INFO - Server is running on port: 3030 
2.9.2022, 0:54:21 - INFO - Server is running on port: 3030 
2.9.2022, 1:00:40 - INFO - Server is running on port: 3030 
2.9.2022, 1:00:41 - INFO - Server is running on port: 3030 
2.9.2022, 1:01:12 - INFO - Server is running on port: 3030 
2.9.2022, 1:01:13 - INFO - Server is running on port: 3030 
2.9.2022, 1:01:15 - INFO - Server is running on port: 3030 
2.9.2022, 1:01:16 - INFO - Server is running on port: 3030 
2.9.2022, 1:01:29 - INFO - Server is running on port: 3030 
2.9.2022, 1:01:29 - INFO - Server is running on port: 3030 
2.9.2022, 1:01:48 - INFO - Server is running on port: 3030 
2.9.2022, 1:01:50 - INFO - Server is running on port: 3030 
2.9.2022, 1:01:50 - INFO - Server is running on port: 3030 
2.9.2022, 1:01:51 - INFO - Server is running on port: 3030 
2.9.2022, 1:02:13 - INFO - Server is running on port: 3030 
2.9.2022, 1:02:20 - INFO - Server is running on port: 3030 
2.9.2022, 1:02:25 - INFO - Server is running on port: 3030 
2.9.2022, 1:02:35 - INFO - Server is running on port: 3030 
2.9.2022, 1:02:36 - INFO - Server is running on port: 3030 
2.9.2022, 1:02:39 - INFO - Server is running on port: 3030 
2.9.2022, 1:03:04 - INFO - Server is running on port: 3030 
2.9.2022, 1:03:04 - INFO - Server is running on port: 3030 
2.9.2022, 1:03:09 - INFO - Server is running on port: 3030 
2.9.2022, 1:03:42 - INFO - Server is running on port: 3030 
2.9.2022, 1:03:45 - INFO - Server is running on port: 3030 
2.9.2022, 1:03:57 - INFO - Server is running on port: 3030 
2.9.2022, 1:06:05 - INFO - Server is running on port: 3030 
2.9.2022, 1:09:02 - INFO - Server is running on port: 3030 
2.9.2022, 1:09:07 - INFO - Server is running on port: 3030 
2.9.2022, 1:09:10 - INFO - Server is running on port: 3030 
2.9.2022, 1:09:13 - INFO - Server is running on port: 3030 
2.9.2022, 1:09:14 - INFO - Server is running on port: 3030 
2.9.2022, 1:09:33 - INFO - Server is running on port: 3030 
2.9.2022, 1:09:40 - INFO - Server is running on port: 3030 
2.9.2022, 1:09:41 - INFO - Server is running on port: 3030 
2.9.2022, 1:10:56 - INFO - Server is running on port: 3030 
2.9.2022, 1:10:57 - INFO - Server is running on port: 3030 
2.9.2022, 1:11:06 - DEBUG - auth.service - signup with name: alen 
2.9.2022, 1:11:06 - DEBUG - auth.route - new account created:{"name":"alen","img":"http://res.cloudinary.com/dhrtde6px/image/upload/v1662070265/ArcheAge_sample_c0uj00.jpg","_id":"63112dfaf69e3642a0111528"} 
2.9.2022, 1:11:06 - INFO - User login:  | null 
2.9.2022, 1:11:56 - INFO - Server is running on port: 3030 
2.9.2022, 1:11:56 - INFO - Server is running on port: 3030 
2.9.2022, 1:12:06 - DEBUG - auth.service - signup with name: alen 
2.9.2022, 1:12:06 - DEBUG - auth.route - new account created:{"name":"alen","img":"http://res.cloudinary.com/dhrtde6px/image/upload/v1662070325/ArcheAge_sample_rb3tqi.jpg","_id":"63112e36e3c13d23743c28f7"} 
2.9.2022, 1:12:06 - INFO - User login:  | null 
2.9.2022, 1:12:45 - INFO - Server is running on port: 3030 
2.9.2022, 1:12:46 - INFO - Server is running on port: 3030 
2.9.2022, 1:12:52 - INFO - User login:  | null 
2.9.2022, 1:14:09 - INFO - User login:  | null 
2.9.2022, 1:15:02 - INFO - Server is running on port: 3030 
2.9.2022, 1:15:04 - INFO - Server is running on port: 3030 
2.9.2022, 1:15:05 - INFO - Server is running on port: 3030 
2.9.2022, 1:15:11 - INFO - User login:  | null 
2.9.2022, 1:16:29 - INFO - Server is running on port: 3030 
2.9.2022, 1:16:31 - INFO - Server is running on port: 3030 
2.9.2022, 1:16:50 - INFO - Server is running on port: 3030 
2.9.2022, 1:16:51 - INFO - Server is running on port: 3030 
2.9.2022, 1:16:51 - INFO - Server is running on port: 3030 
2.9.2022, 1:16:57 - INFO - User login:  | null 
2.9.2022, 1:17:23 - INFO - Server is running on port: 3030 
2.9.2022, 1:17:23 - INFO - Server is running on port: 3030 
2.9.2022, 1:17:33 - INFO - User login:  | null 
2.9.2022, 1:18:03 - INFO - User login:  | null 
2.9.2022, 1:18:33 - INFO - Server is running on port: 3030 
2.9.2022, 1:19:11 - INFO - Server is running on port: 3030 
2.9.2022, 1:19:13 - INFO - Server is running on port: 3030 
2.9.2022, 1:19:20 - DEBUG - auth.service - login with name: alen 
2.9.2022, 1:19:20 - INFO - User login:  | null 
2.9.2022, 1:19:59 - INFO - Server is running on port: 3030 
2.9.2022, 1:20:00 - INFO - Server is running on port: 3030 
2.9.2022, 1:20:01 - INFO - Server is running on port: 3030 
2.9.2022, 1:20:03 - INFO - Server is running on port: 3030 
2.9.2022, 1:20:09 - DEBUG - auth.service - signup with name: alen 
2.9.2022, 1:20:09 - DEBUG - auth.route - new account created:{"name":"alen","img":"http://res.cloudinary.com/dhrtde6px/image/upload/v1662070808/ArcheAge_sample_fn4gnj.jpg","_id":"63113019ea761917ec338199"} 
2.9.2022, 1:20:09 - DEBUG - auth.service - login with name: alen 
2.9.2022, 1:20:09 - INFO - User login:  | null 
2.9.2022, 1:20:21 - INFO - Server is running on port: 3030 
2.9.2022, 1:21:31 - INFO - Server is running on port: 3030 
2.9.2022, 1:21:32 - INFO - Server is running on port: 3030 
2.9.2022, 1:21:37 - DEBUG - auth.service - signup with name: alen 
2.9.2022, 1:21:37 - DEBUG - auth.route - new account created:{"name":"alen","img":"http://res.cloudinary.com/dhrtde6px/image/upload/v1662070897/ArcheAge_sample_okzqv3.jpg","_id":"63113071c1232a4cd07379db"} 
2.9.2022, 1:21:37 - DEBUG - auth.service - login with name: alen 
2.9.2022, 1:21:38 - INFO - User login:  | null 
2.9.2022, 1:21:58 - INFO - Server is running on port: 3030 
2.9.2022, 1:22:14 - INFO - Server is running on port: 3030 
2.9.2022, 1:22:15 - INFO - Server is running on port: 3030 
2.9.2022, 1:23:00 - INFO - Server is running on port: 3030 
2.9.2022, 1:23:01 - INFO - Server is running on port: 3030 
2.9.2022, 1:23:05 - DEBUG - auth.service - signup with name: alen 
2.9.2022, 1:23:05 - DEBUG - auth.service - login with name: alen 
2.9.2022, 1:23:05 - DEBUG - auth.route - new account created:{"name":"alen","img":"http://res.cloudinary.com/dhrtde6px/image/upload/v1662070985/ArcheAge_sample_mn2uqr.jpg","_id":"631130c9094d1e3ba4876122"} 
2.9.2022, 1:23:05 - INFO - User login:  | null 
2.9.2022, 1:23:15 - INFO - Server is running on port: 3030 
2.9.2022, 1:23:15 - INFO - Server is running on port: 3030 
2.9.2022, 1:23:21 - INFO - Server is running on port: 3030 
2.9.2022, 1:23:21 - INFO - Server is running on port: 3030 
2.9.2022, 1:23:28 - DEBUG - auth.service - signup with name: alen 
2.9.2022, 1:23:28 - DEBUG - auth.route - new account created:{"name":"alen","img":"http://res.cloudinary.com/dhrtde6px/image/upload/v1662071007/ArcheAge_sample_ygtsgz.jpg","_id":"631130e0ded9095a887d6dd5"} 
2.9.2022, 1:23:28 - DEBUG - auth.service - login with name: alen 
2.9.2022, 1:23:28 - INFO - User login:  | null 
2.9.2022, 1:24:04 - INFO - Server is running on port: 3030 
2.9.2022, 1:24:06 - INFO - Server is running on port: 3030 
2.9.2022, 1:24:17 - INFO - Server is running on port: 3030 
2.9.2022, 1:24:17 - INFO - Server is running on port: 3030 
2.9.2022, 1:24:24 - DEBUG - auth.service - signup with name: alen 
2.9.2022, 1:24:24 - DEBUG - auth.route - new account created:{"name":"alen","img":"http://res.cloudinary.com/dhrtde6px/image/upload/v1662071064/ArcheAge_sample_szzel1.jpg","_id":"63113118d373bc273c23e920"} 
2.9.2022, 1:24:24 - DEBUG - auth.service - login with name: alen 
2.9.2022, 1:24:24 - INFO - User login:  | null 
2.9.2022, 1:24:36 - INFO - Server is running on port: 3030 
2.9.2022, 1:24:37 - INFO - Server is running on port: 3030 
2.9.2022, 1:24:38 - INFO - Server is running on port: 3030 
2.9.2022, 1:24:49 - INFO - Server is running on port: 3030 
2.9.2022, 1:24:49 - INFO - Server is running on port: 3030 
2.9.2022, 1:24:55 - DEBUG - auth.service - signup with name: alen 
2.9.2022, 1:24:55 - DEBUG - auth.route - new account created:{"name":"alen","img":"http://res.cloudinary.com/dhrtde6px/image/upload/v1662071095/ArcheAge_sample_zbvmhp.jpg","_id":"63113137a19a6141d893e81a"} 
2.9.2022, 1:24:55 - DEBUG - auth.service - login with name: alen 
2.9.2022, 1:24:55 - INFO - User login:  | null 
2.9.2022, 1:25:03 - INFO - Server is running on port: 3030 
2.9.2022, 1:25:04 - INFO - Server is running on port: 3030 
2.9.2022, 1:25:43 - INFO - Server is running on port: 3030 
2.9.2022, 1:25:43 - INFO - Server is running on port: 3030 
2.9.2022, 1:25:56 - DEBUG - auth.service - signup with name: alen 
2.9.2022, 1:25:56 - DEBUG - auth.route - new account created:{"name":"alen","img":"http://res.cloudinary.com/dhrtde6px/image/upload/v1662071156/ArcheAge_sample_ejubwo.jpg","_id":"631131744d35d323c8760f57"} 
2.9.2022, 1:25:56 - DEBUG - auth.service - login with name: alen 
2.9.2022, 1:25:56 - INFO - User login:  | null 
2.9.2022, 1:26:21 - INFO - Server is running on port: 3030 
2.9.2022, 1:26:29 - INFO - Server is running on port: 3030 
2.9.2022, 1:26:29 - INFO - Server is running on port: 3030 
2.9.2022, 1:26:34 - DEBUG - auth.service - signup with name: alen 
2.9.2022, 1:26:34 - DEBUG - auth.route - new account created:{"name":"alen","img":"http://res.cloudinary.com/dhrtde6px/image/upload/v1662071194/ArcheAge_sample_dbcx16.jpg","_id":"6311319ab2636b1f6c3d3ec9"} 
2.9.2022, 1:26:34 - DEBUG - auth.service - login with name: alen 
2.9.2022, 1:26:34 - INFO - User login:  | null 
2.9.2022, 1:27:29 - INFO - Server is running on port: 3030 
2.9.2022, 1:27:31 - INFO - Server is running on port: 3030 
2.9.2022, 1:27:36 - INFO - Server is running on port: 3030 
2.9.2022, 1:27:37 - INFO - Server is running on port: 3030 
2.9.2022, 1:27:37 - INFO - Server is running on port: 3030 
2.9.2022, 1:27:42 - DEBUG - auth.service - signup with name: alen 
2.9.2022, 1:27:42 - DEBUG - auth.route - new account created:{"name":"alen","img":"http://res.cloudinary.com/dhrtde6px/image/upload/v1662071262/ArcheAge_sample_jvq7fl.jpg","_id":"631131de3be15450c4571cd4"} 
2.9.2022, 1:27:42 - DEBUG - auth.service - login with name: alen 
2.9.2022, 1:27:42 - INFO - User login:  | null 
2.9.2022, 1:28:31 - INFO - Server is running on port: 3030 
2.9.2022, 1:28:33 - INFO - Server is running on port: 3030 
2.9.2022, 1:28:35 - INFO - Server is running on port: 3030 
2.9.2022, 1:28:41 - DEBUG - auth.service - signup with name: alen 
2.9.2022, 1:28:41 - DEBUG - auth.route - new account created:{"name":"alen","img":"http://res.cloudinary.com/dhrtde6px/image/upload/v1662071320/ArcheAge_sample_clpztl.jpg","_id":"631132190978cb041485cf85"} 
2.9.2022, 1:28:41 - DEBUG - auth.service - login with name: alen 
2.9.2022, 1:28:41 - INFO - User login:  | null 
2.9.2022, 1:29:20 - DEBUG - auth.service - signup with name: alen 
2.9.2022, 1:29:20 - DEBUG - auth.route - new account created:{"name":"alen","img":"http://res.cloudinary.com/dhrtde6px/image/upload/v1662071360/ArcheAge_sample_qdg78x.jpg","_id":"631132400978cb041485cf86"} 
2.9.2022, 1:29:20 - DEBUG - auth.service - login with name: alen 
2.9.2022, 1:29:21 - INFO - User login:  | null 
2.9.2022, 1:31:25 - DEBUG - auth.service - signup with name: alen 
2.9.2022, 1:31:25 - DEBUG - auth.route - new account created:{"name":"alen","img":"http://res.cloudinary.com/dhrtde6px/image/upload/v1662071485/ArcheAge_sample_fynb6r.jpg","_id":"631132bd0978cb041485cf87"} 
2.9.2022, 1:31:25 - DEBUG - auth.service - login with name: alen 
2.9.2022, 1:31:26 - INFO - User login:  | null 
2.9.2022, 1:32:01 - INFO - Server is running on port: 3030 
2.9.2022, 1:32:02 - INFO - Server is running on port: 3030 
2.9.2022, 1:32:08 - DEBUG - auth.service - signup with name: alen 
2.9.2022, 1:32:08 - DEBUG - auth.route - new account created:{"name":"alen","img":"http://res.cloudinary.com/dhrtde6px/image/upload/v1662071528/ArcheAge_sample_lhai0m.jpg","_id":"631132e860010741c845e484"} 
2.9.2022, 1:32:08 - DEBUG - auth.service - login with name: alen 
2.9.2022, 1:32:08 - INFO - User login:  | null 
2.9.2022, 1:32:31 - INFO - Server is running on port: 3030 
2.9.2022, 1:32:32 - INFO - Server is running on port: 3030 
2.9.2022, 1:32:40 - DEBUG - auth.service - signup with name: alen 
2.9.2022, 1:32:40 - DEBUG - auth.route - new account created:{"name":"alen","img":"http://res.cloudinary.com/dhrtde6px/image/upload/v1662071560/ArcheAge_sample_wiz7sg.jpg","_id":"63113308f4ae3224c494e6eb"} 
2.9.2022, 1:32:40 - DEBUG - auth.service - login with name: alen 
2.9.2022, 1:32:40 - INFO - User login:  | {"_id":"631106bfdcc040cf7a842250","name":"alen","img":"http://res.cloudinary.com/dhrtde6px/image/upload/v1662036444/ArcheAge_sample_lttt1x.jpg"} 
2.9.2022, 1:33:48 - DEBUG - auth.service - signup with name: alen 
2.9.2022, 1:33:48 - DEBUG - auth.route - new account created:{"name":"alen","img":"http://res.cloudinary.com/dhrtde6px/image/upload/v1662071628/ArcheAge_sample_ndwwun.jpg","_id":"6311334cf4ae3224c494e6ec"} 
2.9.2022, 1:33:48 - DEBUG - auth.service - login with name: alen 
2.9.2022, 1:33:48 - INFO - User login:  | {"_id":"631106bfdcc040cf7a842250","name":"alen","img":"http://res.cloudinary.com/dhrtde6px/image/upload/v1662036444/ArcheAge_sample_lttt1x.jpg"} 
2.9.2022, 1:34:22 - DEBUG - auth.service - signup with name: alen 
2.9.2022, 1:34:22 - DEBUG - auth.route - new account created:{"name":"alen","img":"http://res.cloudinary.com/dhrtde6px/image/upload/v1662071662/ArcheAge_sample_cwq3lp.jpg","_id":"6311336ef4ae3224c494e6ed"} 
2.9.2022, 1:34:22 - DEBUG - auth.service - login with name: alen 
2.9.2022, 1:34:22 - INFO - User login:  | {"_id":"631106bfdcc040cf7a842250","name":"alen","img":"http://res.cloudinary.com/dhrtde6px/image/upload/v1662036444/ArcheAge_sample_lttt1x.jpg"} 
2.9.2022, 1:35:14 - DEBUG - auth.service - signup with name: alen 
2.9.2022, 1:35:14 - DEBUG - auth.route - new account created:{"name":"alen","img":"http://res.cloudinary.com/dhrtde6px/image/upload/v1662071714/ArcheAge_sample_jilvu8.jpg","_id":"631133a2f4ae3224c494e6ee"} 
2.9.2022, 1:35:14 - DEBUG - auth.service - login with name: alen 
2.9.2022, 1:35:14 - INFO - User login:  | {"_id":"631106bfdcc040cf7a842250","name":"alen","img":"http://res.cloudinary.com/dhrtde6px/image/upload/v1662036444/ArcheAge_sample_lttt1x.jpg"} 
2.9.2022, 1:35:43 - DEBUG - auth.service - signup with name: alen 
2.9.2022, 1:35:43 - DEBUG - auth.route - new account created:{"name":"alen","img":"http://res.cloudinary.com/dhrtde6px/image/upload/v1662071743/ArcheAge_sample_cpdxib.jpg","_id":"631133bff4ae3224c494e6ef"} 
2.9.2022, 1:35:43 - DEBUG - auth.service - login with name: alen 
2.9.2022, 1:35:43 - INFO - User login:  | {"_id":"631133bff4ae3224c494e6ef","name":"alen","img":"http://res.cloudinary.com/dhrtde6px/image/upload/v1662071743/ArcheAge_sample_cpdxib.jpg"} 
2.9.2022, 1:36:05 - INFO - Server is running on port: 3030 
2.9.2022, 1:36:10 - INFO - Server is running on port: 3030 
2.9.2022, 1:36:10 - INFO - Server is running on port: 3030 
2.9.2022, 1:36:27 - DEBUG - auth.service - login with name: alen 
2.9.2022, 1:36:27 - INFO - User login:  | {"_id":"631133bff4ae3224c494e6ef","name":"alen","img":"http://res.cloudinary.com/dhrtde6px/image/upload/v1662071743/ArcheAge_sample_cpdxib.jpg"} 
2.9.2022, 1:37:21 - INFO - Server is running on port: 3030 
2.9.2022, 1:37:22 - INFO - Server is running on port: 3030 
2.9.2022, 1:37:27 - DEBUG - auth.service - signup with name: alen 
2.9.2022, 1:37:27 - DEBUG - auth.route - new account created:{"name":"alen","img":"http://res.cloudinary.com/dhrtde6px/image/upload/v1662071847/ArcheAge_sample_mpqblm.jpg","_id":"63113427935c2d26f0d768f7"} 
2.9.2022, 1:37:27 - DEBUG - auth.service - login with name: alen 
2.9.2022, 1:37:27 - INFO - User login:  | {"_id":"631133bff4ae3224c494e6ef","name":"alen","img":"http://res.cloudinary.com/dhrtde6px/image/upload/v1662071743/ArcheAge_sample_cpdxib.jpg"} 
2.9.2022, 1:37:43 - DEBUG - auth.service - signup with name: alen 
2.9.2022, 1:37:43 - DEBUG - auth.route - new account created:{"name":"alen","img":"http://res.cloudinary.com/dhrtde6px/image/upload/v1662071863/ArcheAge_sample_zxltfs.jpg","_id":"63113437935c2d26f0d768f8"} 
2.9.2022, 1:37:43 - DEBUG - auth.service - login with name: alen 
2.9.2022, 1:37:43 - INFO - User login:  | {"_id":"631133bff4ae3224c494e6ef","name":"alen","img":"http://res.cloudinary.com/dhrtde6px/image/upload/v1662071743/ArcheAge_sample_cpdxib.jpg"} 
2.9.2022, 1:38:55 - DEBUG - auth.service - signup with name: alen 
2.9.2022, 1:38:55 - DEBUG - auth.route - new account created:{"name":"alen","img":"http://res.cloudinary.com/dhrtde6px/image/upload/v1662071935/ArcheAge_sample_ox7ao4.jpg","_id":"6311347f935c2d26f0d768f9"} 
2.9.2022, 1:38:55 - DEBUG - auth.service - login with name: alen 
2.9.2022, 1:38:55 - INFO - User login:  | {"_id":"631133bff4ae3224c494e6ef","name":"alen","img":"http://res.cloudinary.com/dhrtde6px/image/upload/v1662071743/ArcheAge_sample_cpdxib.jpg"} 
2.9.2022, 1:39:06 - DEBUG - auth.service - signup with name: alen 
2.9.2022, 1:39:06 - DEBUG - auth.route - new account created:{"name":"alen","img":"http://res.cloudinary.com/dhrtde6px/image/upload/v1662071945/ArcheAge_sample_giubcc.jpg","_id":"6311348a935c2d26f0d768fa"} 
2.9.2022, 1:39:06 - DEBUG - auth.service - login with name: alen 
2.9.2022, 1:39:06 - INFO - User login:  | {"_id":"631133bff4ae3224c494e6ef","name":"alen","img":"http://res.cloudinary.com/dhrtde6px/image/upload/v1662071743/ArcheAge_sample_cpdxib.jpg"} 
2.9.2022, 1:48:21 - INFO - Server is running on port: 3030 
2.9.2022, 1:48:28 - INFO - Server is running on port: 3030 
2.9.2022, 1:48:28 - INFO - Server is running on port: 3030 
2.9.2022, 1:48:53 - INFO - Server is running on port: 3030 
2.9.2022, 1:49:13 - DEBUG - auth.service - login with name: alen 
2.9.2022, 1:49:13 - INFO - User login:  | {"_id":"631133bff4ae3224c494e6ef","name":"alen","img":"http://res.cloudinary.com/dhrtde6px/image/upload/v1662071743/ArcheAge_sample_cpdxib.jpg"} 
2.9.2022, 1:49:49 - DEBUG - auth.service - login with name: alen 
2.9.2022, 1:49:49 - INFO - User login:  | {"_id":"631133bff4ae3224c494e6ef","name":"alen","img":"http://res.cloudinary.com/dhrtde6px/image/upload/v1662071743/ArcheAge_sample_cpdxib.jpg"} 
2.9.2022, 1:50:49 - INFO - Server is running on port: 3030 
2.9.2022, 1:50:51 - INFO - Server is running on port: 3030 
2.9.2022, 1:50:52 - INFO - Server is running on port: 3030 
2.9.2022, 1:51:19 - DEBUG - auth.service - login with name: alen 
2.9.2022, 1:51:19 - INFO - User login:  | null 
2.9.2022, 1:51:26 - DEBUG - auth.service - login with name: alen 
2.9.2022, 1:51:26 - INFO - User login:  | null 
2.9.2022, 1:51:40 - DEBUG - auth.service - login with name: fsafas 
2.9.2022, 1:51:40 - INFO - User login:  | null 
2.9.2022, 1:52:27 - INFO - Server is running on port: 3030 
2.9.2022, 1:52:28 - INFO - Server is running on port: 3030 
2.9.2022, 1:52:36 - INFO - Server is running on port: 3030 
2.9.2022, 1:52:48 - INFO - Server is running on port: 3030 
2.9.2022, 1:52:49 - INFO - Server is running on port: 3030 
2.9.2022, 1:52:53 - DEBUG - auth.service - signup with name: alen 
2.9.2022, 1:52:53 - DEBUG - auth.route - new account created:{"name":"alen","img":"http://res.cloudinary.com/dhrtde6px/image/upload/v1662072773/ArcheAge_sample_piyyih.jpg","_id":"631137c52010601be8a79ca5"} 
2.9.2022, 1:52:53 - DEBUG - auth.service - login with name: alen 
2.9.2022, 1:52:53 - INFO - User login:  | {"_id":"631137c52010601be8a79ca5","name":"alen","img":"http://res.cloudinary.com/dhrtde6px/image/upload/v1662072773/ArcheAge_sample_piyyih.jpg"} 
2.9.2022, 1:53:06 - DEBUG - auth.service - signup with name: alen 
2.9.2022, 1:53:06 - DEBUG - auth.route - new account created:{"name":"alen","img":"http://res.cloudinary.com/dhrtde6px/image/upload/v1662072786/ArcheAge_sample_xibmxj.jpg","_id":"631137d22010601be8a79ca6"} 
2.9.2022, 1:53:06 - DEBUG - auth.service - login with name: alen 
2.9.2022, 1:53:06 - INFO - User login:  | {"_id":"631137c52010601be8a79ca5","name":"alen","img":"http://res.cloudinary.com/dhrtde6px/image/upload/v1662072773/ArcheAge_sample_piyyih.jpg"} 
2.9.2022, 1:53:13 - DEBUG - auth.service - signup with name: alen 
2.9.2022, 1:53:13 - DEBUG - auth.service - login with name: alen 
2.9.2022, 1:53:13 - DEBUG - auth.route - new account created:{"name":"alen","img":"http://res.cloudinary.com/dhrtde6px/image/upload/v1662072793/ArcheAge_sample_bbjjyn.jpg","_id":"631137d92010601be8a79ca7"} 
2.9.2022, 1:53:13 - INFO - User login:  | {"_id":"631137c52010601be8a79ca5","name":"alen","img":"http://res.cloudinary.com/dhrtde6px/image/upload/v1662072773/ArcheAge_sample_piyyih.jpg"} 
2.9.2022, 1:53:44 - INFO - Server is running on port: 3030 
2.9.2022, 1:53:45 - INFO - Server is running on port: 3030 
2.9.2022, 1:54:45 - INFO - Server is running on port: 3030 
2.9.2022, 1:54:46 - INFO - Server is running on port: 3030 
2.9.2022, 1:54:46 - INFO - Server is running on port: 3030 
2.9.2022, 1:54:52 - DEBUG - auth.service - signup with name: alen 
2.9.2022, 1:54:52 - DEBUG - auth.route - new account created:{"_id":"631137c52010601be8a79ca5","name":"alen","img":"http://res.cloudinary.com/dhrtde6px/image/upload/v1662072773/ArcheAge_sample_piyyih.jpg"} 
2.9.2022, 1:54:52 - DEBUG - auth.service - login with name: alen 
2.9.2022, 1:54:52 - INFO - User login:  | {"_id":"631137c52010601be8a79ca5","name":"alen","img":"http://res.cloudinary.com/dhrtde6px/image/upload/v1662072773/ArcheAge_sample_piyyih.jpg"} 
2.9.2022, 1:54:58 - DEBUG - auth.service - signup with name: alen 
2.9.2022, 1:54:58 - DEBUG - auth.route - new account created:{"_id":"631137c52010601be8a79ca5","name":"alen","img":"http://res.cloudinary.com/dhrtde6px/image/upload/v1662072773/ArcheAge_sample_piyyih.jpg"} 
2.9.2022, 1:54:58 - DEBUG - auth.service - login with name: alen 
2.9.2022, 1:54:58 - INFO - User login:  | {"_id":"631137c52010601be8a79ca5","name":"alen","img":"http://res.cloudinary.com/dhrtde6px/image/upload/v1662072773/ArcheAge_sample_piyyih.jpg"} 
2.9.2022, 1:55:06 - DEBUG - auth.service - signup with name: alen 
2.9.2022, 1:55:06 - DEBUG - auth.service - login with name: alen 
2.9.2022, 1:55:06 - DEBUG - auth.route - new account created:{"_id":"631137c52010601be8a79ca5","name":"alen","img":"http://res.cloudinary.com/dhrtde6px/image/upload/v1662072773/ArcheAge_sample_piyyih.jpg"} 
2.9.2022, 1:55:06 - INFO - User login:  | {"_id":"631137c52010601be8a79ca5","name":"alen","img":"http://res.cloudinary.com/dhrtde6px/image/upload/v1662072773/ArcheAge_sample_piyyih.jpg"} 
2.9.2022, 1:55:14 - INFO - Server is running on port: 3030 
2.9.2022, 1:55:15 - INFO - Server is running on port: 3030 
2.9.2022, 1:56:05 - INFO - Server is running on port: 3030 
2.9.2022, 1:56:06 - INFO - Server is running on port: 3030 
2.9.2022, 1:56:21 - INFO - Server is running on port: 3030 
2.9.2022, 1:56:22 - INFO - Server is running on port: 3030 
2.9.2022, 1:56:41 - DEBUG - auth.service - signup with name: alen 
2.9.2022, 1:56:41 - DEBUG - auth.route - new account created:{"name":"alen","img":"http://res.cloudinary.com/dhrtde6px/image/upload/v1662073001/ArcheAge_sample_rjlibd.jpg","_id":"631138a91997c35b30c1662d"} 
2.9.2022, 1:56:41 - DEBUG - auth.service - login with name: alen 
2.9.2022, 1:56:41 - INFO - User login:  | {"_id":"631137c52010601be8a79ca5","name":"alen","img":"http://res.cloudinary.com/dhrtde6px/image/upload/v1662072773/ArcheAge_sample_piyyih.jpg"} 
2.9.2022, 1:57:02 - DEBUG - auth.service - signup with name: alen 
2.9.2022, 1:57:02 - DEBUG - auth.service - login with name: alen 
2.9.2022, 1:57:02 - DEBUG - auth.route - new account created:{"name":"alen","img":"http://res.cloudinary.com/dhrtde6px/image/upload/v1662073021/ArcheAge_sample_ypik8o.jpg","_id":"631138be1997c35b30c1662e"} 
2.9.2022, 1:57:02 - INFO - User login:  | {"_id":"631137c52010601be8a79ca5","name":"alen","img":"http://res.cloudinary.com/dhrtde6px/image/upload/v1662072773/ArcheAge_sample_piyyih.jpg"} 
2.9.2022, 1:59:10 - DEBUG - auth.service - signup with name: alen 
2.9.2022, 1:59:10 - DEBUG - auth.route - new account created:{"name":"alen","img":"http://res.cloudinary.com/dhrtde6px/image/upload/v1662073150/ArcheAge_sample_w0j5vf.jpg","_id":"6311393e1997c35b30c1662f"} 
2.9.2022, 1:59:10 - DEBUG - auth.service - login with name: alen 
2.9.2022, 1:59:10 - INFO - User login:  | {"_id":"631137c52010601be8a79ca5","name":"alen","img":"http://res.cloudinary.com/dhrtde6px/image/upload/v1662072773/ArcheAge_sample_piyyih.jpg"} 
2.9.2022, 1:59:17 - DEBUG - auth.service - signup with name: alen 
2.9.2022, 1:59:17 - DEBUG - auth.route - new account created:{"name":"alen","img":"http://res.cloudinary.com/dhrtde6px/image/upload/v1662073156/ArcheAge_sample_sowzjy.jpg","_id":"631139451997c35b30c16630"} 
2.9.2022, 1:59:17 - DEBUG - auth.service - login with name: alen 
2.9.2022, 1:59:17 - INFO - User login:  | {"_id":"631137c52010601be8a79ca5","name":"alen","img":"http://res.cloudinary.com/dhrtde6px/image/upload/v1662072773/ArcheAge_sample_piyyih.jpg"} 
2.9.2022, 1:59:42 - INFO - Server is running on port: 3030 
2.9.2022, 1:59:43 - INFO - Server is running on port: 3030 
2.9.2022, 1:59:44 - INFO - Server is running on port: 3030 
2.9.2022, 1:59:54 - DEBUG - auth.service - signup with name: alen 
2.9.2022, 1:59:54 - DEBUG - auth.route - new account created:{"name":"alen","img":"http://res.cloudinary.com/dhrtde6px/image/upload/v1662073194/ArcheAge_sample_qws8zk.jpg","_id":"6311396ae13ae026f04416ed"} 
2.9.2022, 1:59:54 - DEBUG - auth.service - login with name: alen 
2.9.2022, 1:59:54 - INFO - User login:  | {"_id":"631137c52010601be8a79ca5","name":"alen","img":"http://res.cloudinary.com/dhrtde6px/image/upload/v1662072773/ArcheAge_sample_piyyih.jpg"} 
2.9.2022, 2:00:00 - DEBUG - auth.service - signup with name: alen 
2.9.2022, 2:00:00 - DEBUG - auth.route - new account created:{"name":"alen","img":"http://res.cloudinary.com/dhrtde6px/image/upload/v1662073199/ArcheAge_sample_rb2x4a.jpg","_id":"63113970e13ae026f04416ee"} 
2.9.2022, 2:00:00 - DEBUG - auth.service - login with name: alen 
2.9.2022, 2:00:00 - INFO - User login:  | {"_id":"631137c52010601be8a79ca5","name":"alen","img":"http://res.cloudinary.com/dhrtde6px/image/upload/v1662072773/ArcheAge_sample_piyyih.jpg"} 
2.9.2022, 2:00:12 - INFO - Server is running on port: 3030 
2.9.2022, 2:00:19 - DEBUG - auth.service - signup with name: alen 
2.9.2022, 2:00:19 - DEBUG - auth.route - new account created:{"name":"alen","img":"http://res.cloudinary.com/dhrtde6px/image/upload/v1662073219/ArcheAge_sample_iv50hq.jpg","_id":"6311398318915024349198a9"} 
2.9.2022, 2:00:19 - DEBUG - auth.service - login with name: alen 
2.9.2022, 2:00:19 - INFO - User login:  | {"_id":"631137c52010601be8a79ca5","name":"alen","img":"http://res.cloudinary.com/dhrtde6px/image/upload/v1662072773/ArcheAge_sample_piyyih.jpg"} 
2.9.2022, 2:02:09 - DEBUG - auth.service - signup with name: alen 
2.9.2022, 2:02:09 - DEBUG - auth.route - new account created:{"name":"alen","img":"http://res.cloudinary.com/dhrtde6px/image/upload/v1662073329/ArcheAge_sample_ba3cur.jpg","_id":"631139f118915024349198aa"} 
2.9.2022, 2:02:09 - DEBUG - auth.service - login with name: alen 
2.9.2022, 2:02:09 - INFO - User login:  | {"_id":"631137c52010601be8a79ca5","name":"alen","img":"http://res.cloudinary.com/dhrtde6px/image/upload/v1662072773/ArcheAge_sample_piyyih.jpg"} 
2.9.2022, 2:02:16 - DEBUG - auth.service - signup with name: alen 
2.9.2022, 2:02:16 - DEBUG - auth.route - new account created:{"name":"alen","img":"http://res.cloudinary.com/dhrtde6px/image/upload/v1662073336/ArcheAge_sample_yfuszt.jpg","_id":"631139f818915024349198ab"} 
2.9.2022, 2:02:16 - DEBUG - auth.service - login with name: alen 
2.9.2022, 2:02:16 - INFO - User login:  | {"_id":"631137c52010601be8a79ca5","name":"alen","img":"http://res.cloudinary.com/dhrtde6px/image/upload/v1662072773/ArcheAge_sample_piyyih.jpg"} 
2.9.2022, 2:04:35 - DEBUG - auth.service - signup with name: alen 
2.9.2022, 2:04:35 - DEBUG - auth.service - login with name: alen 
2.9.2022, 2:04:35 - DEBUG - auth.route - new account created:{"name":"alen","img":"http://res.cloudinary.com/dhrtde6px/image/upload/v1662073475/ArcheAge_sample_t3ozjx.jpg","_id":"63113a8318915024349198ac"} 
2.9.2022, 2:04:36 - INFO - User login:  | {"_id":"631137c52010601be8a79ca5","name":"alen","img":"http://res.cloudinary.com/dhrtde6px/image/upload/v1662072773/ArcheAge_sample_piyyih.jpg"} 
2.9.2022, 2:04:42 - DEBUG - auth.service - signup with name: alen 
2.9.2022, 2:04:42 - DEBUG - auth.route - new account created:{"name":"alen","img":"http://res.cloudinary.com/dhrtde6px/image/upload/v1662073481/ArcheAge_sample_v8vk6z.jpg","_id":"63113a8a18915024349198ad"} 
2.9.2022, 2:04:42 - DEBUG - auth.service - login with name: alen 
2.9.2022, 2:04:42 - INFO - User login:  | {"_id":"631137c52010601be8a79ca5","name":"alen","img":"http://res.cloudinary.com/dhrtde6px/image/upload/v1662072773/ArcheAge_sample_piyyih.jpg"} 
2.9.2022, 2:05:34 - DEBUG - auth.service - signup with name: alen 
2.9.2022, 2:05:34 - DEBUG - auth.route - new account created:{"name":"alen","img":"http://res.cloudinary.com/dhrtde6px/image/upload/v1662073533/ArcheAge_sample_bqfvcv.jpg","_id":"63113abe18915024349198ae"} 
2.9.2022, 2:05:34 - DEBUG - auth.service - login with name: alen 
2.9.2022, 2:05:34 - INFO - User login:  | {"_id":"631137c52010601be8a79ca5","name":"alen","img":"http://res.cloudinary.com/dhrtde6px/image/upload/v1662072773/ArcheAge_sample_piyyih.jpg"} 
2.9.2022, 2:05:46 - DEBUG - auth.service - signup with name: alen 
2.9.2022, 2:05:46 - DEBUG - auth.route - new account created:{"name":"alen","img":"http://res.cloudinary.com/dhrtde6px/image/upload/v1662073546/ArcheAge_sample_mrdjzj.jpg","_id":"63113aca18915024349198af"} 
2.9.2022, 2:05:46 - DEBUG - auth.service - login with name: alen 
2.9.2022, 2:05:46 - INFO - User login:  | {"_id":"631137c52010601be8a79ca5","name":"alen","img":"http://res.cloudinary.com/dhrtde6px/image/upload/v1662072773/ArcheAge_sample_piyyih.jpg"} 
2.9.2022, 2:06:36 - DEBUG - auth.service - signup with name: alen 
2.9.2022, 2:06:36 - DEBUG - auth.route - new account created:{"name":"alen","img":"http://res.cloudinary.com/dhrtde6px/image/upload/v1662073596/ArcheAge_sample_u6hn2x.jpg","_id":"63113afc18915024349198b0"} 
2.9.2022, 2:06:36 - DEBUG - auth.service - login with name: alen 
2.9.2022, 2:06:36 - INFO - User login:  | {"_id":"631137c52010601be8a79ca5","name":"alen","img":"http://res.cloudinary.com/dhrtde6px/image/upload/v1662072773/ArcheAge_sample_piyyih.jpg"} 
2.9.2022, 2:07:01 - DEBUG - auth.service - signup with name: alen 
2.9.2022, 2:07:01 - DEBUG - auth.route - new account created:{"name":"alen","img":"http://res.cloudinary.com/dhrtde6px/image/upload/v1662073621/ArcheAge_sample_mm2qxd.jpg","_id":"63113b1518915024349198b1"} 
2.9.2022, 2:07:01 - DEBUG - auth.service - login with name: alen 
2.9.2022, 2:07:01 - INFO - User login:  | {"_id":"631137c52010601be8a79ca5","name":"alen","img":"http://res.cloudinary.com/dhrtde6px/image/upload/v1662072773/ArcheAge_sample_piyyih.jpg"} 
2.9.2022, 2:07:39 - INFO - Server is running on port: 3030 
2.9.2022, 2:07:41 - INFO - Server is running on port: 3030 
2.9.2022, 2:07:41 - INFO - Server is running on port: 3030 
2.9.2022, 2:07:55 - INFO - Server is running on port: 3030 
2.9.2022, 2:07:56 - INFO - Server is running on port: 3030 
2.9.2022, 2:08:24 - DEBUG - auth.service - signup with name: alen 
2.9.2022, 2:08:24 - DEBUG - auth.route - new account created:{"name":"alen","img":"http://res.cloudinary.com/dhrtde6px/image/upload/v1662073704/ArcheAge_sample_ebmvg6.jpg","_id":"63113b689303a15a1c32cb27"} 
2.9.2022, 2:08:24 - DEBUG - auth.service - login with name: alen 
2.9.2022, 2:08:24 - INFO - User login:  | {"_id":"631137c52010601be8a79ca5","name":"alen","img":"http://res.cloudinary.com/dhrtde6px/image/upload/v1662072773/ArcheAge_sample_piyyih.jpg"} 
2.9.2022, 2:08:52 - DEBUG - auth.service - signup with name: alen 
2.9.2022, 2:08:52 - DEBUG - auth.route - new account created:{"name":"alen","img":"http://res.cloudinary.com/dhrtde6px/image/upload/v1662073732/ArcheAge_sample_gcbeup.jpg","_id":"63113b849303a15a1c32cb28"} 
2.9.2022, 2:08:52 - DEBUG - auth.service - login with name: alen 
2.9.2022, 2:08:52 - INFO - User login:  | {"_id":"63113b849303a15a1c32cb28","name":"alen","img":"http://res.cloudinary.com/dhrtde6px/image/upload/v1662073732/ArcheAge_sample_gcbeup.jpg"} 
2.9.2022, 2:14:47 - DEBUG - auth.service - signup with name: alen 
2.9.2022, 2:14:47 - DEBUG - auth.service - login with name: alen 
2.9.2022, 2:14:47 - DEBUG - auth.route - new account created:{"name":"alen","img":"http://res.cloudinary.com/dhrtde6px/image/upload/v1662074087/Warface_sample_kdfnf6.jpg","_id":"63113ce79303a15a1c32cb29"} 
2.9.2022, 2:14:47 - INFO - User login:  | {"_id":"63113b849303a15a1c32cb28","name":"alen","img":"http://res.cloudinary.com/dhrtde6px/image/upload/v1662073732/ArcheAge_sample_gcbeup.jpg"} 
